[ 2018-05-16T14:55:40+08:00 ] ::1 /phone3/Public/404-html/css/texgyreschola-bold-webfont.woff
INFO: [ app_init ] --START--
INFO: Run Behavior\BuildLiteBehavior [ RunTime:0.000041s ]
INFO: [ app_init ] --END-- [ RunTime:0.000976s ]
ERR: 无法加载模块:Public

[ 2018-05-16T14:55:40+08:00 ] ::1 /phone3/Public/404-html/css/logo.png
INFO: [ app_init ] --START--
INFO: Run Behavior\BuildLiteBehavior [ RunTime:0.000042s ]
INFO: [ app_init ] --END-- [ RunTime:0.001011s ]
ERR: 无法加载模块:Public

[ 2018-05-16T16:23:08+08:00 ] ::1 /phone3/Public/404-html/css/texgyreschola-bold-webfont.woff
INFO: [ app_init ] --START--
INFO: Run Behavior\BuildLiteBehavior [ RunTime:0.000031s ]
INFO: [ app_init ] --END-- [ RunTime:0.000661s ]
ERR: 无法加载模块:Public

[ 2018-05-16T16:23:08+08:00 ] ::1 /phone3/Public/404-html/css/logo.png
INFO: [ app_init ] --START--
INFO: Run Behavior\BuildLiteBehavior [ RunTime:0.000032s ]
INFO: [ app_init ] --END-- [ RunTime:0.000719s ]
ERR: 无法加载模块:Public

[ 2018-05-16T16:48:24+08:00 ] ::1 /phone3/Public/404-html/css/texgyreschola-bold-webfont.woff
INFO: [ app_init ] --START--
INFO: Run Behavior\BuildLiteBehavior [ RunTime:0.000054s ]
INFO: [ app_init ] --END-- [ RunTime:0.001126s ]
ERR: 无法加载模块:Public

[ 2018-05-16T16:48:24+08:00 ] ::1 /phone3/Public/404-html/css/logo.png
INFO: [ app_init ] --START--
INFO: Run Behavior\BuildLiteBehavior [ RunTime:0.000052s ]
INFO: [ app_init ] --END-- [ RunTime:0.001051s ]
ERR: 无法加载模块:Public

