[ 2018-04-30T13:06:56+08:00 ] ::1 /che/index.php/Admin/Index/shijiayuyue.html
INFO: [ app_init ] --START--
INFO: Run Behavior\BuildLiteBehavior [ RunTime:0.000033s ]
INFO: [ app_init ] --END-- [ RunTime:0.020815s ]
INFO: [ app_begin ] --START--
INFO: Run Behavior\ReadHtmlCacheBehavior [ RunTime:0.032942s ]
INFO: [ app_begin ] --END-- [ RunTime:0.033146s ]
SQL: SHOW COLUMNS FROM `sw_displacement` [ RunTime:0.0240s ]
SQL: SHOW COLUMNS FROM `sw_carbrand` [ RunTime:0.0238s ]
SQL: SELECT * FROM sw_carbrand carbrand,sw_carmodel carmodel,sw_displacement displacement,sw_shijia shijia WHERE ( carbrand.id=carmodel.bid  and carmodel.mid =displacement.mid and shijia.did=displacement.did and zhuangtai=1  ) ORDER BY yid desc  [ RunTime:0.0240s ]
INFO: [ view_parse ] --START--
INFO: [ template_filter ] --START--
INFO: Run Behavior\ContentReplaceBehavior [ RunTime:0.009442s ]
INFO: [ template_filter ] --END-- [ RunTime:0.009604s ]
NOTIC: [8] Undefined variable: page D:\wamp\www\che\Application\Runtime\Cache\Admin\c5810f7dc7d3da29113da339d8818178.php 第 286 行.
INFO: Run Behavior\ParseTemplateBehavior [ RunTime:0.222676s ]
INFO: [ view_parse ] --END-- [ RunTime:0.222995s ]
INFO: [ view_filter ] --START--
INFO: Run Behavior\WriteHtmlCacheBehavior [ RunTime:0.013580s ]
INFO: [ view_filter ] --END-- [ RunTime:0.013705s ]
INFO: [ app_end ] --START--
INFO: Run Behavior\ShowPageTraceBehavior [ RunTime:0.030217s ]
INFO: [ app_end ] --END-- [ RunTime:0.030427s ]

[ 2018-04-30T13:06:57+08:00 ] ::1 /che/index.php/Admin/Index/assets/i/favicon.png
INFO: [ app_init ] --START--
INFO: Run Behavior\BuildLiteBehavior [ RunTime:0.000029s ]
INFO: [ app_init ] --END-- [ RunTime:0.000447s ]

